<?xml version="1.0" encoding="UTF-8"?>
<!-- Generated by org.testng.reporters.JUnitReportReporter -->
<testsuite hostname="EC2AMAZ-8KL45D2" failures="0" tests="3" name="com.notes.createNote" time="0.700" errors="0" timestamp="2024-10-07T05:14:50 UTC" skipped="0">
  <testcase classname="com.notes.createNote" name="createnotes" time="0.253"/>
  <system-out/>
  <testcase classname="com.notes.createNote" name="updatenotes" time="0.240"/>
  <system-out/>
  <testcase classname="com.notes.createNote" name="deletenotes" time="0.207"/>
  <system-out/>
</testsuite> <!-- com.notes.createNote -->
