<?xml version="1.0" encoding="UTF-8"?>
<!-- Generated by org.testng.reporters.JUnitReportReporter -->
<testsuite hostname="EC2AMAZ-8KL45D2" failures="0" tests="1" name="com.notes.logoutUser" time="0.221" errors="0" timestamp="2024-10-10T09:12:33 UTC" skipped="0">
  <testcase classname="com.notes.logoutUser" name="logoutUser" time="0.221"/>
  <system-out/>
</testsuite> <!-- com.notes.logoutUser -->
