<?xml version="1.0" encoding="UTF-8"?>
<!-- Generated by org.testng.reporters.JUnitReportReporter -->
<testsuite hostname="EC2AMAZ-8KL45D2" failures="0" tests="1" name="com.notes.updateUser" time="0.243" errors="0" timestamp="2024-10-10T09:40:09 UTC" skipped="0">
  <testcase classname="com.notes.updateUser" name="logoutUser" time="0.243"/>
  <system-out/>
</testsuite> <!-- com.notes.updateUser -->
