<?xml version="1.0" encoding="UTF-8"?>
<!-- Generated by org.testng.reporters.JUnitReportReporter -->
<testsuite hostname="EC2AMAZ-8KL45D2" failures="0" tests="2" name="com.HotelBooking.PartialUpdateBooking" time="0.267" errors="0" timestamp="2024-10-04T07:10:52 UTC" skipped="0">
  <testcase classname="com.HotelBooking.PartialUpdateBooking" name="createBooking" time="0.161"/>
  <system-out/>
  <testcase classname="com.HotelBooking.PartialUpdateBooking" name="partial_UpdateBooking" time="0.106"/>
  <system-out/>
</testsuite> <!-- com.HotelBooking.PartialUpdateBooking -->
