<?xml version="1.0" encoding="UTF-8"?>
<!-- Generated by org.testng.reporters.JUnitReportReporter -->
<testsuite hostname="EC2AMAZ-8KL45D2" failures="0" tests="1" name="com.notes.deleteAccount" time="0.302" errors="0" timestamp="2024-10-10T09:07:26 UTC" skipped="0">
  <testcase classname="com.notes.deleteAccount" name="delete" time="0.302"/>
  <system-out/>
</testsuite> <!-- com.notes.deleteAccount -->
