<?xml version="1.0" encoding="UTF-8"?>
<!-- Generated by org.testng.reporters.JUnitReportReporter -->
<testsuite hostname="EC2AMAZ-8KL45D2" failures="0" tests="1" name="com.notes.loginAsExistingUser" time="2.969" errors="0" timestamp="2024-10-07T04:28:14 UTC" skipped="0">
  <testcase classname="com.notes.loginAsExistingUser" name="login" time="2.969"/>
  <system-out/>
</testsuite> <!-- com.notes.loginAsExistingUser -->
